This is LuaHBTeX, Version 1.12.0 (TeX Live 2020)  (format=lualatex 2020.8.1)  9 AUG 2020 19:34
 restricted system commands enabled.
 file:line:error style messages enabled.
**ms_M2.tex
(./ms_M2.tex
LaTeX2e <2020-02-02> patch level 5
Lua module: luaotfload-main 2020-05-06 3.14 luaotfload entry point
Lua module: luaotfload-init 2020-05-06 3.14 luaotfload submodule / initializatio
n
Lua module: lualibs 2020-05-01 2.71 ConTeXt Lua standard libraries.
Lua module: lualibs-extended 2020-05-01 2.71 ConTeXt Lua libraries -- extended c
ollection.
Lua module: luaotfload-log 2020-05-06 3.14 luaotfload submodule / logging
Lua module: luaotfload-parsers 2020-05-06 3.14 luaotfload submodule / filelist
Lua module: luaotfload-configuration 2020-05-06 3.14 luaotfload submodule / conf
ig file reader
luaotfload | conf : Root cache directory is "/opt/texlive/texdir/texmf-var/luate
x-cache/generic-dev/names".
luaotfload | init : Loading fontloader "fontloader-2020-05-06.lua" from kpse-res
olved path "/opt/texlive/texdir/texmf-dist/tex/luatex/luaotfload/fontloader-2020
-05-06.lua".
Lua-only attribute luaotfload@noligature = 1
Lua-only attribute luaotfload@syllabe = 2
luaotfload | init : Context OpenType loader version 0x1.8e353f7ced917p+1
Lua module: luaotfload-fallback 2020-05-06 3.14 luaotfload submodule / fallback
Lua module: luaotfload-multiscript 2020-05-06 3.14 luaotfload submodule / multis
cript
Lua module: luaotfload-script 2020-05-06 3.14 luaotfload submodule / Script help
ers
Inserting `luaotfload.node_processor' at position 1 in `pre_linebreak_filter'.
Inserting `luaotfload.node_processor' at position 1 in `hpack_filter'.
Lua module: luaotfload-loaders 2020-05-06 3.14 luaotfload submodule / callback h
andling
Inserting `luaotfload.define_font' at position 1 in `define_font'.
Lua module: luaotfload-database 2020-05-06 3.14 luaotfload submodule / database
Lua module: luaotfload-unicode 2020-05-06 3.14 luaotfload submodule / Unicode he
lpers
Lua module: luaotfload-colors 2020-05-06 3.14 luaotfload submodule / color
Lua-only attribute luaotfload_color_attribute = 3
Lua module: luaotfload-resolvers 2020-05-06 3.14 luaotfload submodule / resolver
s
luaotfload | conf : Root cache directory is "/opt/texlive/texdir/texmf-var/luate
x-cache/generic-dev/names".
Lua module: luaotfload-features 2020-05-06 3.14 luaotfload submodule / features
Lua module: luaotfload-harf-define 2020-05-06 3.14 luaotfload submodule / databa
se
Inserting `luaotfload.harf.strip_prefix' at position 1 in `find_opentype_file'.
Inserting `luaotfload.harf.strip_prefix' at position 1 in `find_truetype_file'.
Lua module: luaotfload-harf-plug 2020-05-06 3.14 luaotfload submodule / database
Inserting `Harf pre_output_filter callback' at position 1 in `pre_output_filter'
.
Inserting `Harf wrapup_run callback' at position 1 in `wrapup_run'.
Inserting `Harf finish_pdffile callback' at position 1 in `finish_pdffile'.
Inserting `Harf glyph_info callback' at position 1 in `glyph_info'.
Lua module: luaotfload-letterspace 2020-05-06 3.14 luaotfload submodule / color
Lua module: luaotfload-embolden 2020-05-06 3.14 luaotfload submodule / color
Lua module: luaotfload-notdef 2020-05-06 3.14 luaotfload submodule / color
Lua module: luaotfload-suppress 2020-05-06 3.14 luaotfload submodule / suppress
Lua module: luaotfload-szss 2020-05-06 3.14 luaotfload submodule / color
Lua module: luaotfload-auxiliary 2020-05-06 3.14 luaotfload submodule / auxiliar
y functions
Inserting `luaotfload.aux.set_sscale_dimens' at position 1 in `luaotfload.patch_
font'.
Inserting `luaotfload.aux.set_font_index' at position 2 in `luaotfload.patch_fon
t'.
Inserting `luaotfload.aux.patch_cambria_domh' at position 3 in `luaotfload.patch
_font'.
Inserting `luaotfload.aux.fixup_fontdata' at position 1 in `luaotfload.patch_fon
t_unsafe'.
Inserting `luaotfload.aux.set_capheight' at position 4 in `luaotfload.patch_font
'.
Inserting `luaotfload.aux.set_xheight' at position 5 in `luaotfload.patch_font'.
Lua module: luaotfload-tounicode 2020-05-06 3.14 luaotfload submodule / tounicod
e
Inserting `luaotfload.rewrite_fontname' at position 6 in `luaotfload.patch_font'
. L3 programming layer <2020-07-17>
(/opt/texlive/texdir/texmf-dist/tex/latex/base/article.cls
Document Class: article 2019/12/20 v1.4l Standard LaTeX document class
(/opt/texlive/texdir/texmf-dist/tex/latex/base/size12.clo
File: size12.clo 2019/12/20 v1.4l Standard LaTeX file (size option)
luaotfload | db : Font names database loaded from /opt/texlive/texdir/texmf-var/
luatex-cache/generic-dev/names/luaotfload-names.luc)
\c@part=\count164
\c@section=\count165
\c@subsection=\count166
\c@subsubsection=\count167
\c@paragraph=\count168
\c@subparagraph=\count169
\c@figure=\count170
\c@table=\count171
\abovecaptionskip=\skip47
\belowcaptionskip=\skip48
\bibindent=\dimen134
)
(/opt/texlive/texdir/texmf-dist/tex/latex/geometry/geometry.sty
Package: geometry 2020/01/02 v5.9 Page Geometry

(/opt/texlive/texdir/texmf-dist/tex/latex/graphics/keyval.sty
Package: keyval 2014/10/28 v1.15 key=value parser (DPC)
\KV@toks@=\toks15
)
(/opt/texlive/texdir/texmf-dist/tex/generic/iftex/ifvtex.sty
Package: ifvtex 2019/10/25 v1.7 ifvtex legacy package. Use iftex instead.

(/opt/texlive/texdir/texmf-dist/tex/generic/iftex/iftex.sty
Package: iftex 2020/03/06 v1.0d TeX engine tests
))
\Gm@cnth=\count172
\Gm@cntv=\count173
\c@Gm@tempcnt=\count174
\Gm@bindingoffset=\dimen135
\Gm@wd@mp=\dimen136
\Gm@odd@mp=\dimen137
\Gm@even@mp=\dimen138
\Gm@layoutwidth=\dimen139
\Gm@layoutheight=\dimen140
\Gm@layouthoffset=\dimen141
\Gm@layoutvoffset=\dimen142
\Gm@dimlist=\toks16


Package geometry Warning: Over-specification in `v'-direction.
    `height' (794.96999pt) is ignored.

) (/opt/texlive/texdir/texmf-dist/tex/latex/pdflscape/pdflscape.sty
Package: pdflscape 2019/12/05 v0.12 Display of landscape pages in PDF (HO)

(/opt/texlive/texdir/texmf-dist/tex/latex/graphics/lscape.sty
Package: lscape 2000/10/22 v3.01 Landscape Pages (DPC)

(/opt/texlive/texdir/texmf-dist/tex/latex/graphics/graphics.sty
Package: graphics 2019/11/30 v1.4a Standard LaTeX Graphics (DPC,SPQR)

(/opt/texlive/texdir/texmf-dist/tex/latex/graphics/trig.sty
Package: trig 2016/01/03 v1.10 sin cos tan (DPC)
)
(/opt/texlive/texdir/texmf-dist/tex/latex/graphics-cfg/graphics.cfg
File: graphics.cfg 2016/06/04 v1.11 sample graphics configuration
)
Package graphics Info: Driver file: luatex.def on input line 105.

(/opt/texlive/texdir/texmf-dist/tex/latex/graphics-def/luatex.def
File: luatex.def 2018/01/08 v1.0l Graphics/color driver for luatex
)))
Package pdflscape Info: Auto-detected driver: pdftex on input line 81.
)
(/opt/texlive/texdir/texmf-dist/tex/latex/titlesec/titlesec.sty
Package: titlesec 2019/10/16 v2.13 Sectioning titles
\ttl@box=\box45
\beforetitleunit=\skip49
\aftertitleunit=\skip50
\ttl@plus=\dimen143
\ttl@minus=\dimen144
\ttl@toksa=\toks17
\titlewidth=\dimen145
\titlewidthlast=\dimen146
\titlewidthfirst=\dimen147
)
(/opt/texlive/texdir/texmf-dist/tex/latex/polyglossia/polyglossia.sty
Package: polyglossia 2020/04/08 v1.49 Modern multilingual typesetting with XeLaT
eX and LuaLaTeX

(/opt/texlive/texdir/texmf-dist/tex/latex/etoolbox/etoolbox.sty
Package: etoolbox 2020/07/15 v2.5i e-TeX tools for LaTeX (JAW)
\etb@tempcnta=\count175
)
(/opt/texlive/texdir/texmf-dist/tex/latex/makecmds/makecmds.sty
Package: makecmds 2009/09/03 v1.0a extra command making commands
)
(/opt/texlive/texdir/texmf-dist/tex/latex/xkeyval/xkeyval.sty
Package: xkeyval 2014/12/03 v2.7a package option processing (HA)

(/opt/texlive/texdir/texmf-dist/tex/generic/xkeyval/xkeyval.tex
(/opt/texlive/texdir/texmf-dist/tex/generic/xkeyval/xkvutils.tex
\XKV@toks=\toks18
\XKV@tempa@toks=\toks19
)
\XKV@depth=\count176
File: xkeyval.tex 2014/12/03 v2.7a key=value parser (HA)
))
(/opt/texlive/texdir/texmf-dist/tex/latex/fontspec/fontspec.sty
(/opt/texlive/texdir/texmf-dist/tex/latex/l3packages/xparse/xparse.sty
(/opt/texlive/texdir/texmf-dist/tex/latex/l3kernel/expl3.sty
Package: expl3 2020-07-17 L3 programming layer (loader) 

(/opt/texlive/texdir/texmf-dist/tex/latex/l3backend/l3backend-pdfmode.def
File: l3backend-pdfmode.def 2020-06-29 L3 backend support: PDF mode
\l__kernel_color_stack_int=\count177
\l__pdf_internal_box=\box46
))
Package: xparse 2020-05-15 L3 Experimental document command parser

(/opt/texlive/texdir/texmf-dist/tex/latex/l3packages/xparse/xparse-generic.tex
\l__xparse_current_arg_int=\count178
\g__xparse_grabber_int=\count179
\l__xparse_m_args_int=\count180
\l__xparse_v_nesting_int=\count181
))
Package: fontspec 2020/02/21 v2.7i Font selection for XeLaTeX and LuaLaTeX
Lua module: fontspec 2020/02/21 2.7i Font selection for XeLaTeX and LuaLaTeX (/
opt/texlive/texdir/texmf-dist/tex/latex/fontspec/fontspec-luatex.sty
Package: fontspec-luatex 2020/02/21 v2.7i Font selection for XeLaTeX and LuaLaTe
X
\l__fontspec_script_int=\count182
\l__fontspec_language_int=\count183
\l__fontspec_strnum_int=\count184
\l__fontspec_tmp_int=\count185
\l__fontspec_tmpa_int=\count186
\l__fontspec_tmpb_int=\count187
\l__fontspec_tmpc_int=\count188
\l__fontspec_em_int=\count189
\l__fontspec_emdef_int=\count190
\l__fontspec_strong_int=\count191
\l__fontspec_strongdef_int=\count192
\l__fontspec_tmpa_dim=\dimen148
\l__fontspec_tmpb_dim=\dimen149
\l__fontspec_tmpc_dim=\dimen150

(/opt/texlive/texdir/texmf-dist/tex/latex/base/fontenc.sty
Package: fontenc 2020/02/11 v2.0o Standard LaTeX package
)
(/opt/texlive/texdir/texmf-dist/tex/latex/fontspec/fontspec.cfg)))
(/opt/texlive/texdir/texmf-dist/tex/generic/iftex/ifluatex.sty
Package: ifluatex 2019/10/25 v1.5 ifluatex legacy package. Use iftex instead.
)
(/opt/texlive/texdir/texmf-dist/tex/generic/iftex/ifxetex.sty
Package: ifxetex 2019/10/25 v0.7 ifxetex legacy package. Use iftex instead.
)
(/opt/texlive/texdir/texmf-dist/tex/latex/l3packages/l3keys2e/l3keys2e.sty
Package: l3keys2e 2020-05-15 LaTeX2e option processing using LaTeX3 keys
)
(/opt/texlive/texdir/texmf-dist/tex/latex/filehook/filehook.sty
Package: filehook 2020/02/03 v0.7 Hooks for input files
)
(/opt/texlive/texdir/texmf-dist/tex/luatex/luatexbase/luatexbase.sty
Package: luatexbase 2015/10/04 v1.3 luatexbase interface to LuaTeX 

(/opt/texlive/texdir/texmf-dist/tex/luatex/ctablestack/ctablestack.sty
Package: ctablestack 2015/10/01 v1.0 Catcode table stable support
\@catcodetablestackcnt=\count193
)
\CatcodeTableOther=\catcodetable12
\CatcodeTableExpl=\catcodetable13
)
Lua module: polyglossia 2013/05/11 1.3 Polyglossia
(/opt/texlive/texdir/texmf-dist/tex/latex/polyglossia/gloss-latex.ldf
File: gloss-latex.ldf polyglossia: module for default language
The property list \polyglossia@langsetup contains the pairs (without outer
braces):
>  {latex/script}  =>  {latin}
>  {latex/lcscript}  =>  {latin}
>  {latex/scripttag}  =>  {}
>  {latex/language}  =>  {Latex}
>  {latex/langtag}  =>  {ENG}
>  {latex/bcp47}  =>  {}
>  {latex/hyphennames}  =>  {english}
>  {latex/direction}  =>  {LR}
>  {latex/hyphenmins}  =>  {2,3}
>  {latex/frenchspacing}  =>  {false}
>  {latex/indentfirst}  =>  {false}
>  {latex/fontsetup}  =>  {true}
>  {latex/envname}  =>  {latex}
>  {latex/babelname}  =>  {latex}
>  {latex/localnumeral}  =>  {polyglossia@C@localnumeral}
>  {latex/Localnumeral}  =>  {polyglossia@C@localnumeral}.
)
Package polyglossia Info: Default language is latex.
)
(/opt/texlive/texdir/texmf-dist/tex/latex/polyglossia/gloss-french.ldf
File: gloss-french.ldf polyglossia: module for french
The property list \polyglossia@langsetup contains the pairs (without outer
braces):
>  {latex/script}  =>  {latin}
>  {latex/lcscript}  =>  {latin}
>  {latex/scripttag}  =>  {}
>  {latex/language}  =>  {Latex}
>  {latex/langtag}  =>  {ENG}
>  {latex/bcp47}  =>  {}
>  {latex/hyphennames}  =>  {english}
>  {latex/direction}  =>  {LR}
>  {latex/hyphenmins}  =>  {2,3}
>  {latex/frenchspacing}  =>  {false}
>  {latex/indentfirst}  =>  {false}
>  {latex/fontsetup}  =>  {true}
>  {latex/envname}  =>  {latex}
>  {latex/babelname}  =>  {latex}
>  {latex/localnumeral}  =>  {polyglossia@C@localnumeral}
>  {latex/Localnumeral}  =>  {polyglossia@C@localnumeral}
>  {french/script}  =>  {Latin}
>  {french/lcscript}  =>  {latin}
>  {french/scripttag}  =>  {}
>  {french/language}  =>  {French}
>  {french/langtag}  =>  {FRA}
>  {french/bcp47}  =>  {fr-FR}
>  {french/hyphennames}  =>  {french,francais}
>  {french/direction}  =>  {LR}
>  {french/hyphenmins}  =>  {2,2}
>  {french/frenchspacing}  =>  {true}
>  {french/indentfirst}  =>  {true}
>  {french/fontsetup}  =>  {true}
>  {french/envname}  =>  {french}
>  {french/babelname}  =>  {french}
>  {french/localnumeral}  =>  {polyglossia@C@localnumeral}
>  {french/Localnumeral}  =>  {polyglossia@C@localnumeral}.
Module polyglossia Info: Language data for french
(polyglossia)            righthyphenmin	2
(polyglossia)            hyphenation	
(polyglossia)            synonyms	patois,francais
(polyglossia)            lefthyphenmin	2
(polyglossia)            loader	loadhyph-fr.tex
(polyglossia)            patterns	hyph-fr.pat.txt on input line 12
Module polyglossia Info: Language french was not yet loaded; created with id 2 o
n input line 12
Lua-only attribute polyglossia_punct = 4
Package polyglossia Info: Option: French, variant=french.
)
Package polyglossia Info: Default language is french.

Package fontspec Info: Font family 'STIX2Text-Regular(0)' created for font
(fontspec)             'STIX2Text-Regular' with options [Ligatures=TeX,Path =
(fontspec)             ./fonts/,Extension = .otf,BoldFont =
(fontspec)             STIX2Text-Bold,ItalicFont =
(fontspec)             STIX2Text-Italic,BoldItalicFont =
(fontspec)             STIX2Text-BoldItalic].
(fontspec)              
(fontspec)              This font family consists of the following NFSS
(fontspec)             series/shapes:
(fontspec)              
(fontspec)             - 'normal' (m/n) with NFSS spec.:
(fontspec)             <->"[./fonts/STIX2Text-Regular.otf]:mode=node;script=latn
;language=dflt;+tlig;"
(fontspec)             - 'small caps'  (m/sc) with NFSS spec.:
(fontspec)             <->"[./fonts/STIX2Text-Regular.otf]:mode=node;script=latn
;language=dflt;+tlig;+smcp;"
(fontspec)             - 'bold' (b/n) with NFSS spec.:
(fontspec)             <->"[./fonts/STIX2Text-Bold.otf]:mode=node;script=latn;la
nguage=dflt;+tlig;"
(fontspec)             - 'bold small caps'  (b/sc) with NFSS spec.:
(fontspec)             <->"[./fonts/STIX2Text-Bold.otf]:mode=node;script=latn;la
nguage=dflt;+tlig;+smcp;"
(fontspec)             - 'italic' (m/it) with NFSS spec.:
(fontspec)             <->"[./fonts/STIX2Text-Italic.otf]:mode=node;script=latn;
language=dflt;+tlig;"
(fontspec)             - 'italic small caps'  (m/scit) with NFSS spec.:
(fontspec)             <->"[./fonts/STIX2Text-Italic.otf]:mode=node;script=latn;
language=dflt;+tlig;+smcp;"
(fontspec)             - 'bold italic' (b/it) with NFSS spec.:
(fontspec)             <->"[./fonts/STIX2Text-BoldItalic.otf]:mode=node;script=l
atn;language=dflt;+tlig;"
(fontspec)             - 'bold italic small caps'  (b/scit) with NFSS spec.:
(fontspec)             <->"[./fonts/STIX2Text-BoldItalic.otf]:mode=node;script=l
atn;language=dflt;+tlig;+smcp;"


(/opt/texlive/texdir/texmf-dist/tex/latex/unicode-math/unicode-math.sty
Package: unicode-math 2020/01/31 v0.8q Unicode maths in XeLaTeX and LuaLaTeX

(/opt/texlive/texdir/texmf-dist/tex/latex/unicode-math/unicode-math-luatex.sty
Package: unicode-math-luatex 2020/01/31 v0.8q Unicode maths in XeLaTeX and LuaLa
TeX

(/opt/texlive/texdir/texmf-dist/tex/latex/base/fix-cm.sty
Package: fix-cm 2015/01/14 v1.1t fixes to LaTeX

(/opt/texlive/texdir/texmf-dist/tex/latex/base/ts1enc.def
File: ts1enc.def 2001/06/05 v3.0e (jk/car/fm) Standard LaTeX file
LaTeX Font Info:    Redeclaring font encoding TS1 on input line 47.
))
(/opt/texlive/texdir/texmf-dist/tex/latex/amsmath/amsmath.sty
Package: amsmath 2020/01/20 v2.17e AMS math features
\@mathmargin=\skip51

For additional information on amsmath, use the `?' option.
(/opt/texlive/texdir/texmf-dist/tex/latex/amsmath/amstext.sty
Package: amstext 2000/06/29 v2.01 AMS text

(/opt/texlive/texdir/texmf-dist/tex/latex/amsmath/amsgen.sty
File: amsgen.sty 1999/11/30 v2.0 generic functions
\@emptytoks=\toks20
\ex@=\dimen151
))
(/opt/texlive/texdir/texmf-dist/tex/latex/amsmath/amsbsy.sty
Package: amsbsy 1999/11/29 v1.2d Bold Symbols
\pmbraise@=\dimen152
)
(/opt/texlive/texdir/texmf-dist/tex/latex/amsmath/amsopn.sty
Package: amsopn 2016/03/08 v2.02 operator names
)
\inf@bad=\count194
LaTeX Info: Redefining \frac on input line 227.
\uproot@=\count195
\leftroot@=\count196
LaTeX Info: Redefining \overline on input line 389.
\classnum@=\count197
\DOTSCASE@=\count198
LaTeX Info: Redefining \ldots on input line 486.
LaTeX Info: Redefining \dots on input line 489.
LaTeX Info: Redefining \cdots on input line 610.
\Mathstrutbox@=\box47
\strutbox@=\box48
\big@size=\dimen153
LaTeX Font Info:    Redeclaring font encoding OML on input line 733.
LaTeX Font Info:    Redeclaring font encoding OMS on input line 734.
\macc@depth=\count199
\c@MaxMatrixCols=\count266
\dotsspace@=\muskip16
\c@parentequation=\count267
\dspbrk@lvl=\count268
\tag@help=\toks21
\row@=\count269
\column@=\count270
\maxfields@=\count271
\andhelp@=\toks22
\eqnshift@=\dimen154
\alignsep@=\dimen155
\tagshift@=\dimen156
\tagwidth@=\dimen157
\totwidth@=\dimen158
\lineht@=\dimen159
\@envbody=\toks23
\multlinegap=\skip52
\multlinetaggap=\skip53
\mathdisplay@stack=\toks24
LaTeX Info: Redefining \[ on input line 2859.
LaTeX Info: Redefining \] on input line 2860.
)
(/opt/texlive/texdir/texmf-dist/tex/lualatex/lualatex-math/lualatex-math.sty
Package: lualatex-math 2019/01/21 v1.8 Patches for mathematics typesetting with 
LuaLaTeX
Lua module: lualatex-math 2013/08/03 1.3 Patches for mathematics typesetting wit
h LuaLaTeX

Package lualatex-math Info: I'm going to patch macro \subarray.


Package lualatex-math Info: I'm going to patch macro \frac .


Package lualatex-math Info: I'm going to patch macro \genfrac .

)
\g__um_fam_int=\count272
\g__um_fonts_used_int=\count273
\l__um_primecount_int=\count274
\g__um_primekern_muskip=\muskip17

(/opt/texlive/texdir/texmf-dist/tex/latex/unicode-math/unicode-math-table.tex)))
luaotfload | cache : Lookup cache loaded from /opt/texlive/texdir/texmf-var/luat
ex-cache/generic-dev/names/luaotfload-lookup-cache.luc.

Package fontspec Info: Could not resolve font "STIXTwoMath/B" (it probably
(fontspec)             doesn't exist).


Package fontspec Info: Font family 'STIXTwoMath(0)' created for font 'STIX Two
(fontspec)             Math' with options
(fontspec)             [Renderer=Basic,BoldItalicFont={},ItalicFont={},SmallCaps
Font={},Script=Math,FontAdjustment={\__um_luatex_copy_fontdimens:
(fontspec)             }].
(fontspec)              
(fontspec)              This font family consists of the following NFSS
(fontspec)             series/shapes:
(fontspec)              
(fontspec)             - 'normal' (m/n) with NFSS spec.:
(fontspec)             <->"STIXTwoMath:mode=base;script=math;language=dflt;"
(fontspec)             - 'small caps'  (m/sc) with NFSS spec.: 
(fontspec)             and font adjustment code:
(fontspec)             \__um_luatex_copy_fontdimens: 


Package fontspec Info: Could not resolve font "STIXTwoMath/B" (it probably
(fontspec)             doesn't exist).


Package fontspec Info: Font family 'STIXTwoMath(1)' created for font 'STIX Two
(fontspec)             Math' with options
(fontspec)             [Renderer=Basic,BoldItalicFont={},ItalicFont={},SmallCaps
Font={},Script=Math,SizeFeatures={{Size=10.2-},{Size=7.5-10.2,Font=STIX
(fontspec)             Two Math,Style=MathScript},{Size=-7.5,Font=STIX Two
(fontspec)             Math,Style=MathScriptScript}},FontAdjustment={\__um_luate
x_copy_fontdimens:
(fontspec)             }].
(fontspec)              
(fontspec)              This font family consists of the following NFSS
(fontspec)             series/shapes:
(fontspec)              
(fontspec)             - 'normal' (m/n) with NFSS spec.:
(fontspec)             <10.2->"STIXTwoMath:mode=base;script=math;language=dflt;"
<7.5-10.2>"STIXTwoMath:mode=base;script=math;language=dflt;+ssty=0;"<-7.5>"STIXT
woMath:mode=base;script=math;language=dflt;+ssty=1;"
(fontspec)             - 'small caps'  (m/sc) with NFSS spec.: 
(fontspec)             and font adjustment code:
(fontspec)             \__um_luatex_copy_fontdimens: 

LaTeX Font Info:    Encoding `OT1' has changed to `TU' for symbol font
(Font)              `operators' in the math version `normal' on input line 44.
LaTeX Font Info:    Overwriting symbol font `operators' in version `normal'
(Font)                  OT1/cmr/m/n --> TU/STIXTwoMath(1)/m/n on input line 44.
LaTeX Font Info:    Encoding `OT1' has changed to `TU' for symbol font
(Font)              `operators' in the math version `bold' on input line 44.
LaTeX Font Info:    Overwriting symbol font `operators' in version `bold'
(Font)                  OT1/cmr/bx/n --> TU/STIXTwoMath(1)/b/n on input line 44.


Package fontspec Info: STIXTwoMath scale = 1.0001.


Package fontspec Info: Could not resolve font "STIXTwoMath/B" (it probably
(fontspec)             doesn't exist).


Package fontspec Info: STIXTwoMath scale = 1.0001.


Package fontspec Info: STIXTwoMath scale = 1.0001.


Package fontspec Info: STIXTwoMath scale = 1.0001.


Package fontspec Info: Font family 'STIXTwoMath(2)' created for font 'STIX Two
(fontspec)             Math' with options
(fontspec)             [Renderer=Basic,BoldItalicFont={},ItalicFont={},SmallCaps
Font={},Script=Math,SizeFeatures={{Size=10.2-},{Size=7.5-10.2,Font=STIX
(fontspec)             Two Math,Style=MathScript},{Size=-7.5,Font=STIX Two
(fontspec)             Math,Style=MathScriptScript}},FontAdjustment={\__um_luate
x_copy_fontdimens:
(fontspec)             },ScaleAgain=1.0001,FontAdjustment={\fontdimen 8\font
(fontspec)             =7.68pt\relax \fontdimen 9\font =7.01999pt\relax
(fontspec)             \fontdimen 10\font =5.64pt\relax \fontdimen 11\font
(fontspec)             =7.68pt\relax \fontdimen 12\font =7.01999pt\relax
(fontspec)             \fontdimen 13\font =4.31999pt\relax \fontdimen 14\font
(fontspec)             =4.31999pt\relax \fontdimen 15\font =3.02399pt\relax
(fontspec)             \fontdimen 16\font =2.51999pt\relax \fontdimen 17\font
(fontspec)             =2.51999pt\relax \fontdimen 18\font =2.76pt\relax
(fontspec)             \fontdimen 19\font =1.92pt\relax \fontdimen 22\font
(fontspec)             =3.096pt\relax \fontdimen 20\font =0pt\relax \fontdimen
(fontspec)             21\font =0pt\relax }].
(fontspec)              
(fontspec)              This font family consists of the following NFSS
(fontspec)             series/shapes:
(fontspec)              
(fontspec)             - 'normal' (m/n) with NFSS spec.:
(fontspec)             <10.2->s*[1.0001]"STIXTwoMath:mode=base;script=math;langu
age=dflt;"<7.5-10.2>s*[1.0001]"STIXTwoMath:mode=base;script=math;language=dflt;+
ssty=0;"<-7.5>s*[1.0001]"STIXTwoMath:mode=base;script=math;language=dflt;+ssty=1
;"
(fontspec)             - 'small caps'  (m/sc) with NFSS spec.: 
(fontspec)             and font adjustment code:
(fontspec)             \__um_luatex_copy_fontdimens: \fontdimen 8\font
(fontspec)             =7.68pt\relax \fontdimen 9\font =7.01999pt\relax
(fontspec)             \fontdimen 10\font =5.64pt\relax \fontdimen 11\font
(fontspec)             =7.68pt\relax \fontdimen 12\font =7.01999pt\relax
(fontspec)             \fontdimen 13\font =4.31999pt\relax \fontdimen 14\font
(fontspec)             =4.31999pt\relax \fontdimen 15\font =3.02399pt\relax
(fontspec)             \fontdimen 16\font =2.51999pt\relax \fontdimen 17\font
(fontspec)             =2.51999pt\relax \fontdimen 18\font =2.76pt\relax
(fontspec)             \fontdimen 19\font =1.92pt\relax \fontdimen 22\font
(fontspec)             =3.096pt\relax \fontdimen 20\font =0pt\relax \fontdimen
(fontspec)             21\font =0pt\relax 

LaTeX Font Info:    Encoding `OMS' has changed to `TU' for symbol font
(Font)              `symbols' in the math version `normal' on input line 44.
LaTeX Font Info:    Overwriting symbol font `symbols' in version `normal'
(Font)                  OMS/cmsy/m/n --> TU/STIXTwoMath(2)/m/n on input line 44.

LaTeX Font Info:    Encoding `OMS' has changed to `TU' for symbol font
(Font)              `symbols' in the math version `bold' on input line 44.
LaTeX Font Info:    Overwriting symbol font `symbols' in version `bold'
(Font)                  OMS/cmsy/b/n --> TU/STIXTwoMath(2)/b/n on input line 44.


Package fontspec Info: STIXTwoMath scale = 0.9999.


Package fontspec Info: Could not resolve font "STIXTwoMath/B" (it probably
(fontspec)             doesn't exist).


Package fontspec Info: STIXTwoMath scale = 0.9999.


Package fontspec Info: STIXTwoMath scale = 0.9999.


Package fontspec Info: STIXTwoMath scale = 0.9999.


Package fontspec Info: Font family 'STIXTwoMath(3)' created for font 'STIX Two
(fontspec)             Math' with options
(fontspec)             [Renderer=Basic,BoldItalicFont={},ItalicFont={},SmallCaps
Font={},Script=Math,SizeFeatures={{Size=10.2-},{Size=7.5-10.2,Font=STIX
(fontspec)             Two Math,Style=MathScript},{Size=-7.5,Font=STIX Two
(fontspec)             Math,Style=MathScriptScript}},FontAdjustment={\__um_luate
x_copy_fontdimens:
(fontspec)             },ScaleAgain=0.9999,FontAdjustment={\fontdimen 8\font
(fontspec)             =0.816pt\relax \fontdimen 9\font =1.62pt\relax
(fontspec)             \fontdimen 10\font =1.62pt\relax \fontdimen 11\font
(fontspec)             =3.59999pt\relax \fontdimen 12\font =8.04pt\relax
(fontspec)             \fontdimen 13\font =0pt\relax }].
(fontspec)              
(fontspec)              This font family consists of the following NFSS
(fontspec)             series/shapes:
(fontspec)              
(fontspec)             - 'normal' (m/n) with NFSS spec.:
(fontspec)             <10.2->s*[0.9999]"STIXTwoMath:mode=base;script=math;langu
age=dflt;"<7.5-10.2>s*[0.9999]"STIXTwoMath:mode=base;script=math;language=dflt;+
ssty=0;"<-7.5>s*[0.9999]"STIXTwoMath:mode=base;script=math;language=dflt;+ssty=1
;"
(fontspec)             - 'small caps'  (m/sc) with NFSS spec.: 
(fontspec)             and font adjustment code:
(fontspec)             \__um_luatex_copy_fontdimens: \fontdimen 8\font
(fontspec)             =0.816pt\relax \fontdimen 9\font =1.62pt\relax
(fontspec)             \fontdimen 10\font =1.62pt\relax \fontdimen 11\font
(fontspec)             =3.59999pt\relax \fontdimen 12\font =8.04pt\relax
(fontspec)             \fontdimen 13\font =0pt\relax 

LaTeX Font Info:    Encoding `OMX' has changed to `TU' for symbol font
(Font)              `largesymbols' in the math version `normal' on input line 44
.
LaTeX Font Info:    Overwriting symbol font `largesymbols' in version `normal'
(Font)                  OMX/cmex/m/n --> TU/STIXTwoMath(3)/m/n on input line 44.

LaTeX Font Info:    Encoding `OMX' has changed to `TU' for symbol font
(Font)              `largesymbols' in the math version `bold' on input line 44.
LaTeX Font Info:    Overwriting symbol font `largesymbols' in version `bold'
(Font)                  OMX/cmex/m/n --> TU/STIXTwoMath(3)/b/n on input line 44.

LaTeX Font Info:    Font shape `TU/STIXTwoMath(2)/m/n' will be
(Font)              scaled to size 12.00128pt on input line 44.
LaTeX Font Info:    Font shape `TU/STIXTwoMath(2)/m/n' will be
(Font)              scaled to size 8.40088pt on input line 44.
LaTeX Font Info:    Font shape `TU/STIXTwoMath(2)/m/n' will be
(Font)              scaled to size 6.60071pt on input line 44.
LaTeX Font Info:    Font shape `TU/STIXTwoMath(3)/m/n' will be
(Font)              scaled to size 11.99872pt on input line 44.
LaTeX Font Info:    Font shape `TU/STIXTwoMath(3)/m/n' will be
(Font)              scaled to size 8.3991pt on input line 44.
LaTeX Font Info:    Font shape `TU/STIXTwoMath(3)/m/n' will be
(Font)              scaled to size 6.59929pt on input line 44.
 (/opt/texlive/texdir/texmf-dist/tex/latex/parskip/parskip.sty
Package: parskip 2020-06-15 v2.0f non-zero parskip adjustments

(/opt/texlive/texdir/texmf-dist/tex/latex/kvoptions/kvoptions.sty
Package: kvoptions 2019/11/29 v3.13 Key value format for package options (HO)

(/opt/texlive/texdir/texmf-dist/tex/generic/ltxcmds/ltxcmds.sty
Package: ltxcmds 2019/12/15 v1.24 LaTeX kernel commands for general use (HO)
)
(/opt/texlive/texdir/texmf-dist/tex/generic/kvsetkeys/kvsetkeys.sty
Package: kvsetkeys 2019/12/15 v1.18 Key value parser (HO)
)))
(/opt/texlive/texdir/texmf-dist/tex/latex/tools/array.sty
Package: array 2019/08/31 v2.4l Tabular extension package (FMi)
\col@sep=\dimen160
\ar@mcellbox=\box49
\extrarowheight=\dimen161
\NC@list=\toks25
\extratabsurround=\skip54
\backup@length=\skip55
\ar@cellbox=\box50
)
(/opt/texlive/texdir/texmf-dist/tex/latex/hyperref/hyperref.sty
Package: hyperref 2020-05-15 v7.00e Hypertext links for LaTeX

(/opt/texlive/texdir/texmf-dist/tex/generic/pdftexcmds/pdftexcmds.sty
Package: pdftexcmds 2020-06-27 v0.33 Utility functions of pdfTeX for LuaTeX (HO)


(/opt/texlive/texdir/texmf-dist/tex/generic/infwarerr/infwarerr.sty
Package: infwarerr 2019/12/03 v1.5 Providing info/warning/error messages (HO)
)
Package pdftexcmds Info: \pdf@primitive is available.
Package pdftexcmds Info: \pdf@ifprimitive is available.
Package pdftexcmds Info: \pdfdraftmode found.
\pdftexcmds@toks=\toks26
)
(/opt/texlive/texdir/texmf-dist/tex/generic/kvdefinekeys/kvdefinekeys.sty
Package: kvdefinekeys 2019-12-19 v1.6 Define keys (HO)
)
(/opt/texlive/texdir/texmf-dist/tex/generic/pdfescape/pdfescape.sty
Package: pdfescape 2019/12/09 v1.15 Implements pdfTeX's escape features (HO)
)
(/opt/texlive/texdir/texmf-dist/tex/latex/hycolor/hycolor.sty
Package: hycolor 2020-01-27 v1.10 Color options for hyperref/bookmark (HO)
)
(/opt/texlive/texdir/texmf-dist/tex/latex/letltxmacro/letltxmacro.sty
Package: letltxmacro 2019/12/03 v1.6 Let assignment for LaTeX macros (HO)
)
(/opt/texlive/texdir/texmf-dist/tex/latex/auxhook/auxhook.sty
Package: auxhook 2019-12-17 v1.6 Hooks for auxiliary files (HO)
)
\@linkdim=\dimen162
\Hy@linkcounter=\count275
\Hy@pagecounter=\count276

(/opt/texlive/texdir/texmf-dist/tex/latex/hyperref/pd1enc.def
File: pd1enc.def 2020-05-15 v7.00e Hyperref: PDFDocEncoding definition (HO)
)
(/opt/texlive/texdir/texmf-dist/tex/generic/intcalc/intcalc.sty
Package: intcalc 2019/12/15 v1.3 Expandable calculations with integers (HO)
)
(/opt/texlive/texdir/texmf-dist/tex/generic/etexcmds/etexcmds.sty
Package: etexcmds 2019/12/15 v1.7 Avoid name clashes with e-TeX commands (HO)
)
\Hy@SavedSpaceFactor=\count277
Package hyperref Info: Option `breaklinks' set `true' on input line 4338.
Package hyperref Info: Hyper figures OFF on input line 4464.
Package hyperref Info: Link nesting OFF on input line 4469.
Package hyperref Info: Hyper index ON on input line 4472.
Package hyperref Info: Plain pages OFF on input line 4479.
Package hyperref Info: Backreferencing OFF on input line 4484.
Package hyperref Info: Implicit mode ON; LaTeX internals redefined.
Package hyperref Info: Bookmarks ON on input line 4717.
\c@Hy@tempcnt=\count278

(/opt/texlive/texdir/texmf-dist/tex/latex/url/url.sty
\Urlmuskip=\muskip18
Package: url 2013/09/16  ver 3.4  Verb mode for urls, etc.
)
LaTeX Info: Redefining \url on input line 5076.
\XeTeXLinkMargin=\dimen163

(/opt/texlive/texdir/texmf-dist/tex/generic/bitset/bitset.sty
Package: bitset 2019/12/09 v1.3 Handle bit-vector datatype (HO)

(/opt/texlive/texdir/texmf-dist/tex/generic/bigintcalc/bigintcalc.sty
Package: bigintcalc 2019/12/15 v1.5 Expandable calculations on big integers (HO)

))
\Fld@menulength=\count279
\Field@Width=\dimen164
\Fld@charsize=\dimen165
Package hyperref Info: Hyper figures OFF on input line 6347.
Package hyperref Info: Link nesting OFF on input line 6352.
Package hyperref Info: Hyper index ON on input line 6355.
Package hyperref Info: backreferencing OFF on input line 6362.
Package hyperref Info: Link coloring OFF on input line 6367.
Package hyperref Info: Link coloring with OCG OFF on input line 6372.
Package hyperref Info: PDF/A mode OFF on input line 6377.
LaTeX Info: Redefining \ref on input line 6417.
LaTeX Info: Redefining \pageref on input line 6421.

(/opt/texlive/texdir/texmf-dist/tex/generic/atbegshi/atbegshi.sty
Package: atbegshi 2019/12/05 v1.19 At begin shipout hook (HO)
)
\Hy@abspage=\count280
\c@Item=\count281
\c@Hfootnote=\count282
)
Package hyperref Info: Driver (autodetected): hluatex.

(/opt/texlive/texdir/texmf-dist/tex/latex/hyperref/hluatex.def
File: hluatex.def 2020-05-15 v7.00e Hyperref driver for luaTeX

(/opt/texlive/texdir/texmf-dist/tex/latex/hyperref/puenc.def
File: puenc.def 2020-05-15 v7.00e Hyperref: PDF Unicode definition (HO)
)
(/opt/texlive/texdir/texmf-dist/tex/generic/stringenc/stringenc.sty
Package: stringenc 2019/11/29 v1.12 Convert strings between diff. encodings (HO)

)
(/opt/texlive/texdir/texmf-dist/tex/latex/atveryend/atveryend.sty
Package: atveryend 2019-12-11 v1.11 Hooks at the very end of document (HO)
)
\Fld@listcount=\count283
\c@bookmark@seq@number=\count284

(/opt/texlive/texdir/texmf-dist/tex/latex/rerunfilecheck/rerunfilecheck.sty
Package: rerunfilecheck 2019/12/05 v1.9 Rerun checks for auxiliary files (HO)

(/opt/texlive/texdir/texmf-dist/tex/generic/uniquecounter/uniquecounter.sty
Package: uniquecounter 2019/12/15 v1.4 Provide unlimited unique counter (HO)
)
Package uniquecounter Info: New unique counter `rerunfilecheck' on input line 28
6.
)
\Hy@SectionHShift=\skip56
)
Package hyperref Info: Option `colorlinks' set `true' on input line 89.

(/opt/texlive/texdir/texmf-dist/tex/latex/graphics/graphicx.sty
Package: graphicx 2019/11/30 v1.2a Enhanced LaTeX Graphics (DPC,SPQR)
\Gin@req@height=\dimen166
\Gin@req@width=\dimen167
)
(/opt/texlive/texdir/texmf-dist/tex/latex/eso-pic/eso-pic.sty
Package: eso-pic 2018/04/12 v2.0h eso-pic (RN)

(/opt/texlive/texdir/texmf-dist/tex/latex/xcolor/xcolor.sty
Package: xcolor 2016/05/11 v2.12 LaTeX color extensions (UK)

(/opt/texlive/texdir/texmf-dist/tex/latex/graphics-cfg/color.cfg
File: color.cfg 2016/01/02 v1.6 sample color configuration
)
Package xcolor Info: Driver file: luatex.def on input line 225.
Package xcolor Info: Model `cmy' substituted by `cmy0' on input line 1348.
Package xcolor Info: Model `hsb' substituted by `rgb' on input line 1352.
Package xcolor Info: Model `RGB' extended on input line 1364.
Package xcolor Info: Model `HTML' substituted by `rgb' on input line 1366.
Package xcolor Info: Model `Hsb' substituted by `hsb' on input line 1367.
Package xcolor Info: Model `tHsb' substituted by `hsb' on input line 1368.
Package xcolor Info: Model `HSB' substituted by `hsb' on input line 1369.
Package xcolor Info: Model `Gray' substituted by `gray' on input line 1370.
Package xcolor Info: Model `wave' substituted by `hsb' on input line 1371.
))
(/opt/texlive/texdir/texmf-dist/tex/latex/float/float.sty
Package: float 2001/11/08 v1.3d Float enhancements (AL)
\c@float@type=\count285
\float@exts=\toks27
\float@box=\box51
\@float@everytoks=\toks28
\@floatcapt=\box52
)
(/opt/texlive/texdir/texmf-dist/tex/latex/placeins/placeins.sty
Package: placeins 2005/04/18  v 2.2
)
(/opt/texlive/texdir/texmf-dist/tex/latex/setspace/setspace.sty
Package: setspace 2011/12/19 v6.7a set line spacing
)
(/opt/texlive/texdir/texmf-dist/tex/latex/caption/caption.sty
Package: caption 2020/05/30 v3.4k Customizing captions (AR)

(/opt/texlive/texdir/texmf-dist/tex/latex/caption/caption3.sty
Package: caption3 2020/07/20 v1.12b caption3 kernel (AR)
Package caption3 Info: TeX engine: e-TeX on input line 61.
\captionmargin=\dimen168
\captionmargin@=\dimen169
\captionwidth=\dimen170
\caption@tempdima=\dimen171
\caption@indent=\dimen172
\caption@parindent=\dimen173
\caption@hangindent=\dimen174
Package caption Info: Standard document class detected.
)
\c@caption@flags=\count286
\c@continuedfloat=\count287
Package caption Info: float package is loaded.
Package caption Info: hyperref package is loaded.
)
(/opt/texlive/texdir/texmf-dist/tex/latex/cleveref/cleveref.sty
Package: cleveref 2018/03/27 v0.21.4 Intelligent cross-referencing
Package cleveref Info: `hyperref' support loaded on input line 2370.
LaTeX Info: Redefining \cref on input line 2370.
LaTeX Info: Redefining \Cref on input line 2370.
LaTeX Info: Redefining \crefrange on input line 2370.
LaTeX Info: Redefining \Crefrange on input line 2370.
LaTeX Info: Redefining \cpageref on input line 2370.
LaTeX Info: Redefining \Cpageref on input line 2370.
LaTeX Info: Redefining \cpagerefrange on input line 2370.
LaTeX Info: Redefining \Cpagerefrange on input line 2370.
LaTeX Info: Redefining \labelcref on input line 2370.
LaTeX Info: Redefining \labelcpageref on input line 2370.
Package cleveref Info: always capitalise cross-reference names on input line 782
5.
Package cleveref Info: always capitalise cross-reference names on input line 785
2.
)
(/opt/texlive/texdir/texmf-dist/tex/latex/tools/longtable.sty
Package: longtable 2020/01/07 v4.13 Multi-page Table package (DPC)
\LTleft=\skip57
\LTright=\skip58
\LTpre=\skip59
\LTpost=\skip60
\LTchunksize=\count288
\LTcapwidth=\dimen175
\LT@head=\box53
\LT@firsthead=\box54
\LT@foot=\box55
\LT@lastfoot=\box56
\LT@cols=\count289
\LT@rows=\count290
\c@LT@tables=\count291
\c@LT@chunks=\count292
\LT@p@ftn=\toks29
)
(/opt/texlive/texdir/texmf-dist/tex/latex/booktabs/booktabs.sty
Package: booktabs 2020/01/12 v1.61803398 Publication quality tables
\heavyrulewidth=\dimen176
\lightrulewidth=\dimen177
\cmidrulewidth=\dimen178
\belowrulesep=\dimen179
\belowbottomsep=\dimen180
\aboverulesep=\dimen181
\abovetopsep=\dimen182
\cmidrulesep=\dimen183
\cmidrulekern=\dimen184
\defaultaddspace=\dimen185
\@cmidla=\count293
\@cmidlb=\count294
\@aboverulesep=\dimen186
\@belowrulesep=\dimen187
\@thisruleclass=\count295
\@lastruleclass=\count296
\@thisrulewidth=\dimen188
)
(/opt/texlive/texdir/texmf-dist/tex/latex/fancyvrb/fancyvrb.sty
Package: fancyvrb 2020/05/03 v3.6 verbatim text (tvz,hv)
\FV@CodeLineNo=\count297
\FV@InFile=\read2
\FV@TabBox=\box57
\c@FancyVerbLine=\count298
\FV@StepNumber=\count299
\FV@OutFile=\write3
)
(/opt/texlive/texdir/texmf-dist/tex/latex/framed/framed.sty
Package: framed 2011/10/22 v 0.96: framed or shaded text with page breaks
\OuterFrameSep=\skip61
\fb@frw=\dimen189
\fb@frh=\dimen190
\FrameRule=\dimen191
\FrameSep=\dimen192
)
\cslhangindent=\skip62
 (./ms_M2.aux
LaTeX Info: Redefining \rmfamily on input line 19.
LaTeX Info: Redefining \sffamily on input line 19.
LaTeX Info: Redefining \ttfamily on input line 19.
luaotfload | aux : font no 33 (nil) defines no feature for script latn with lang
uage fra
Removing  `luaotfload.node_processor' from `pre_linebreak_filter'.
Inserting `polyglossia-punct.process' at position 1 in `pre_linebreak_filter'.
Inserting `luaotfload.node_processor' at position 2 in `pre_linebreak_filter'.
Removing  `luaotfload.node_processor' from `hpack_filter'.
Inserting `polyglossia-punct.process' at position 1 in `hpack_filter'.
Inserting `luaotfload.node_processor' at position 2 in `hpack_filter'.)
\openout1 = ms_M2.aux

LaTeX Font Info:    Checking defaults for OML/cmm/m/it on input line 243.
LaTeX Font Info:    ... okay on input line 243.
LaTeX Font Info:    Checking defaults for OMS/cmsy/m/n on input line 243.
LaTeX Font Info:    ... okay on input line 243.
LaTeX Font Info:    Checking defaults for OT1/cmr/m/n on input line 243.
LaTeX Font Info:    ... okay on input line 243.
LaTeX Font Info:    Checking defaults for T1/cmr/m/n on input line 243.
LaTeX Font Info:    ... okay on input line 243.
LaTeX Font Info:    Checking defaults for TS1/cmr/m/n on input line 243.
LaTeX Font Info:    ... okay on input line 243.
LaTeX Font Info:    Checking defaults for TU/lmr/m/n on input line 243.
LaTeX Font Info:    ... okay on input line 243.
LaTeX Font Info:    Checking defaults for OMX/cmex/m/n on input line 243.
LaTeX Font Info:    ... okay on input line 243.
LaTeX Font Info:    Checking defaults for U/cmr/m/n on input line 243.
LaTeX Font Info:    ... okay on input line 243.
LaTeX Font Info:    Checking defaults for PD1/pdf/m/n on input line 243.
LaTeX Font Info:    ... okay on input line 243.
LaTeX Font Info:    Checking defaults for PU/pdf/m/n on input line 243.
LaTeX Font Info:    ... okay on input line 243.

*geometry* driver: auto-detecting
*geometry* detected driver: luatex
*geometry* verbose mode - [ preamble ] result:
* driver: luatex
* paper: <default>
* layout: <same size as paper>
* layoutoffset:(h,v)=(0.0pt,0.0pt)
* modes: 
* h-part:(L,W,R)=(56.9055pt, 500.484pt, 56.9055pt)
* v-part:(T,H,B)=(56.9055pt, 681.15898pt, 56.9055pt)
* \paperwidth=614.295pt
* \paperheight=794.96999pt
* \textwidth=500.484pt
* \textheight=681.15898pt
* \oddsidemargin=-15.36449pt
* \evensidemargin=-15.36449pt
* \topmargin=-52.36449pt
* \headheight=12.0pt
* \headsep=25.0pt
* \topskip=12.0pt
* \footskip=30.0pt
* \marginparwidth=44.0pt
* \marginparsep=10.0pt
* \columnsep=10.0pt
* \skip\footins=10.8pt plus 4.0pt minus 2.0pt
* \hoffset=0.0pt
* \voffset=0.0pt
* \mag=1000
* \@twocolumnfalse
* \@twosidefalse
* \@mparswitchfalse
* \@reversemarginfalse
* (1in=72.27pt=25.4mm, 1cm=28.453pt)

(/opt/texlive/texdir/texmf-dist/tex/context/base/mkii/supp-pdf.mkii
[Loading MPS to PDF converter (version 2006.09.02).]
\scratchcounter=\count300
\scratchdimen=\dimen193
\scratchbox=\box58
\nofMPsegments=\count301
\nofMParguments=\count302
\everyMPshowfont=\toks30
\MPscratchCnt=\count303
\MPscratchDim=\dimen194
\MPnumerator=\count304
\makeMPintoPDFobject=\count305
\everyMPtoPDFconversion=\toks31
) (/opt/texlive/texdir/texmf-dist/tex/latex/epstopdf-pkg/epstopdf-base.sty
Package: epstopdf-base 2020-01-24 v2.11 Base part for package epstopdf
Package epstopdf-base Info: Redefining graphics rule for `.eps' on input line 48
5.

(/opt/texlive/texdir/texmf-dist/tex/latex/latexconfig/epstopdf-sys.cfg
File: epstopdf-sys.cfg 2010/07/13 v1.3 Configuration of (r)epstopdf for TeX Live

))
LaTeX Font Info:    Overwriting math alphabet `\mathrm' in version `normal'
(Font)                  TU/STIXTwoMath(1)/m/n --> TU/STIX2Text-Regular(0)/m/n on
 input line 243.
LaTeX Font Info:    Overwriting math alphabet `\mathit' in version `normal'
(Font)                  OT1/cmr/m/it --> TU/STIX2Text-Regular(0)/m/it on input l
ine 243.
LaTeX Font Info:    Overwriting math alphabet `\mathbf' in version `normal'
(Font)                  OT1/cmr/bx/n --> TU/STIX2Text-Regular(0)/b/n on input li
ne 243.
LaTeX Font Info:    Overwriting math alphabet `\mathsf' in version `normal'
(Font)                  OT1/cmss/m/n --> TU/lmss/m/n on input line 243.
LaTeX Font Info:    Overwriting math alphabet `\mathsf' in version `bold'
(Font)                  OT1/cmss/bx/n --> TU/lmss/b/n on input line 243.
LaTeX Font Info:    Overwriting math alphabet `\mathtt' in version `normal'
(Font)                  OT1/cmtt/m/n --> TU/lmtt/m/n on input line 243.
LaTeX Font Info:    Overwriting math alphabet `\mathtt' in version `bold'
(Font)                  OT1/cmtt/m/n --> TU/lmtt/b/n on input line 243.
\AtBeginShipoutBox=\box59
Package hyperref Info: Link coloring ON on input line 243.

(/opt/texlive/texdir/texmf-dist/tex/latex/hyperref/nameref.sty
Package: nameref 2019/09/16 v2.46 Cross-referencing by name of section

(/opt/texlive/texdir/texmf-dist/tex/latex/refcount/refcount.sty
Package: refcount 2019/12/15 v3.6 Data extraction from label references (HO)
)
(/opt/texlive/texdir/texmf-dist/tex/generic/gettitlestring/gettitlestring.sty
Package: gettitlestring 2019/12/15 v1.6 Cleanup title references (HO)
)
\c@section@level=\count306
)
LaTeX Info: Redefining \ref on input line 243.
LaTeX Info: Redefining \pageref on input line 243.
LaTeX Info: Redefining \nameref on input line 243.
(./ms_M2.out) (./ms_M2.out)
\@outlinefile=\write4

\openout4 = ms_M2.out
Package caption Info: Begin \AtBeginDocument code.
Package caption Info: longtable package is loaded.

(/opt/texlive/texdir/texmf-dist/tex/latex/caption/ltcaption.sty
Package: ltcaption 2020/05/30 v1.4b longtable captions (AR)
)
Package caption Info: End \AtBeginDocument code.
LaTeX Info: Redefining \rmfamily on input line 243.
LaTeX Info: Redefining \sffamily on input line 243.
LaTeX Info: Redefining \ttfamily on input line 243.
luaotfload | aux : font no 33 (nil) defines no feature for script latn with lang
uage fra
Package cleveref Info: loaded `french' language definitions on input line 243.
*geometry* verbose mode - [ newgeometry ] result:
* driver: luatex
* paper: <default>
* layout: <same size as paper>
* layoutoffset:(h,v)=(0.0pt,0.0pt)
* modes: 
* h-part:(L,W,R)=(156.49014pt, 429.35211pt, 28.45274pt)
* v-part:(T,H,B)=(113.81102pt, 567.34795pt, 113.81102pt)
* \paperwidth=614.295pt
* \paperheight=794.96999pt
* \textwidth=429.35211pt
* \textheight=567.34795pt
* \oddsidemargin=84.22015pt
* \evensidemargin=84.22015pt
* \topmargin=4.54103pt
* \headheight=12.0pt
* \headsep=25.0pt
* \topskip=12.0pt
* \footskip=30.0pt
* \marginparwidth=44.0pt
* \marginparsep=10.0pt
* \columnsep=10.0pt
* \skip\footins=10.8pt plus 4.0pt minus 2.0pt
* \hoffset=0.0pt
* \voffset=0.0pt
* \mag=1000
* \@twocolumnfalse
* \@twosidefalse
* \@mparswitchfalse
* \@reversemarginfalse
* (1in=72.27pt=25.4mm, 1cm=28.453pt)

LaTeX Font Info:    Font shape `TU/STIXTwoMath(2)/m/n' will be
(Font)              scaled to size 14.40152pt on input line 274.
LaTeX Font Info:    Font shape `TU/STIXTwoMath(2)/m/n' will be
(Font)              scaled to size 10.00107pt on input line 274.
LaTeX Font Info:    Font shape `TU/STIXTwoMath(2)/m/n' will be
(Font)              scaled to size 7.00075pt on input line 274.
LaTeX Font Info:    Font shape `TU/STIXTwoMath(3)/m/n' will be
(Font)              scaled to size 14.39845pt on input line 274.
LaTeX Font Info:    Font shape `TU/STIXTwoMath(3)/m/n' will be
(Font)              scaled to size 9.99893pt on input line 274.
LaTeX Font Info:    Font shape `TU/STIXTwoMath(3)/m/n' will be
(Font)              scaled to size 6.99925pt on input line 274.
<../.assets/templates/pictures/polychaeta-4.jpg, id=184, 121.37946pt x 733.96729
pt>
File: ../.assets/templates/pictures/polychaeta-4.jpg Graphic file (type jpg)
<use ../.assets/templates/pictures/polychaeta-4.jpg>
Package luatex.def Info: ../.assets/templates/pictures/polychaeta-4.jpg  used on
 input line 286.
(luatex.def)             Requested size: 153.57788pt x 794.99117pt.
<../.assets/templates/pictures/logo_memoire.png, id=185, 455.5419pt x 56.8524pt>

File: ../.assets/templates/pictures/logo_memoire.png Graphic file (type png)
<use ../.assets/templates/pictures/logo_memoire.png>
Package luatex.def Info: ../.assets/templates/pictures/logo_memoire.png  used on
 input line 286.
(luatex.def)             Requested size: 455.54079pt x 56.85225pt.
 [1


{/opt/texlive/texdir/texmf-var/fonts/map/pdftex/updmap/pdftex.map}<../.assets/te
mplates/pictures/polychaeta-4.jpg><../.assets/templates/pictures/logo_memoire.pn
g>]
LaTeX Font Info:    Font shape `TU/STIXTwoMath(2)/m/n' will be
(Font)              scaled to size 10.95116pt on input line 330.
LaTeX Font Info:    Font shape `TU/STIXTwoMath(2)/m/n' will be
(Font)              scaled to size 8.00085pt on input line 330.
LaTeX Font Info:    Font shape `TU/STIXTwoMath(2)/m/n' will be
(Font)              scaled to size 6.00064pt on input line 330.
LaTeX Font Info:    Font shape `TU/STIXTwoMath(3)/m/n' will be
(Font)              scaled to size 10.94882pt on input line 330.
LaTeX Font Info:    Font shape `TU/STIXTwoMath(3)/m/n' will be
(Font)              scaled to size 7.99915pt on input line 330.
LaTeX Font Info:    Font shape `TU/STIXTwoMath(3)/m/n' will be
(Font)              scaled to size 5.99936pt on input line 330.

[1


] (./ms_M2.toc
LaTeX Info: Redefining \rmfamily on input line 1.
LaTeX Info: Redefining \sffamily on input line 1.
LaTeX Info: Redefining \ttfamily on input line 1.
luaotfload | aux : font no 33 (nil) defines no feature for script latn with lang
uage fra
Package cleveref Info: loaded `french' language definitions on input line 1.
 [2])
\tf@toc=\write5

\openout5 = ms_M2.toc
 [3]
warning  (pdf backend): ignoring duplicate destination with the name 'page.1'
[1

]
LaTeX Font Info:    Font shape `TU/STIXTwoMath(2)/m/n' will be
(Font)              scaled to size 5.00053pt on input line 577.
LaTeX Font Info:    Font shape `TU/STIXTwoMath(3)/m/n' will be
(Font)              scaled to size 4.99947pt on input line 577.

Overfull \hbox (2.84988pt too wide) in paragraph at lines 613--626
[]\TU/STIX2Text-Regular(0)/m/n/12 De plus, les \TU/STIX2Text-Regular(0)/m/it/12
 SSDM\TU/STIX2Text-Regular(0)/m/n/12 , en com-bi-nant des mo-dèles faits in-d
é-pen-dam-ment pour chaque es-pèce, ne tiennent
 []

[2]
warning  (pdf backend): ignoring duplicate destination with the name 'table.1'
[3] [4] [5]
<figures/site_map.png, id=444, 3285.27374pt x 1437.37pt>
File: figures/site_map.png Graphic file (type png)
<use figures/site_map.png>
Package luatex.def Info: figures/site_map.png  used on input line 935.
(luatex.def)             Requested size: 500.484pt x 218.95186pt.
 [6<./figures/site_map.png>]
warning  (pdf backend): ignoring duplicate destination with the name 'table.2'
[7] [8] [9]
warning  (pdf backend): ignoring duplicate destination with the name 'table.3'
[10] [11] [12]
<figures/SR2-density-method-2.png, id=598, 578.16pt x 361.35pt>
File: figures/SR2-density-method-2.png Graphic file (type png)
<use figures/SR2-density-method-2.png>
Package luatex.def Info: figures/SR2-density-method-2.png  used on input line 14
58.
(luatex.def)             Requested size: 500.484pt x 312.80054pt.
 [13]
<figures/occurence_brt.png, id=613, 563.58556pt x 310.88145pt>
File: figures/occurence_brt.png Graphic file (type png)
<use figures/occurence_brt.png>
Package luatex.def Info: figures/occurence_brt.png  used on input line 1501.
(luatex.def)             Requested size: 500.484pt x 276.08118pt.
 [14<./figures/SR2-density-method-2.png>]
<figures/occurence_corr.png, id=628, 578.16pt x 361.35pt>
File: figures/occurence_corr.png Graphic file (type png)
<use figures/occurence_corr.png>
Package luatex.def Info: figures/occurence_corr.png  used on input line 1513.
(luatex.def)             Requested size: 500.484pt x 312.80054pt.
 [15<./figures/occurence_brt.png>]
warning  (pdf backend): ignoring duplicate destination with the name 'table.4'
[16<./figures/occurence_corr.png>]
<figures/roc-richness-prediction-3.png, id=647, 578.16pt x 361.35pt>
File: figures/roc-richness-prediction-3.png Graphic file (type png)
<use figures/roc-richness-prediction-3.png>
Package luatex.def Info: figures/roc-richness-prediction-3.png  used on input li
ne 1586.
(luatex.def)             Requested size: 500.484pt x 312.80054pt.
 [17<./figures/roc-richness-prediction-3.png>]
<figures/effect_env.png, id=663, 3317.39375pt x 3199.955pt>
File: figures/effect_env.png Graphic file (type png)
<use figures/effect_env.png>
Package luatex.def Info: figures/effect_env.png  used on input line 1637.
(luatex.def)             Requested size: 500.484pt x 482.7557pt.
 [18] [19<./figures/effect_env.png>]
<figures/mean-network-1.png, id=687, 415.5525pt x 277.9986pt>
File: figures/mean-network-1.png Graphic file (type png)
<use figures/mean-network-1.png>
Package luatex.def Info: figures/mean-network-1.png  used on input line 1705.
(luatex.def)             Requested size: 415.55148pt x 278.01062pt.
 [20]
<figures/hmsc-hier-annee-network-1.png, id=696, 419.166pt x 293.05486pt>
File: figures/hmsc-hier-annee-network-1.png Graphic file (type png)
<use figures/hmsc-hier-annee-network-1.png>
Package luatex.def Info: figures/hmsc-hier-annee-network-1.png  used on input li
ne 1732.
(luatex.def)             Requested size: 419.16498pt x 293.0586pt.
 [21<./figures/mean-network-1.png>]
<figures/expert-option-2.png, id=707, 4818.0pt x 3011.25pt>
File: figures/expert-option-2.png Graphic file (type png)
<use figures/expert-option-2.png>
Package luatex.def Info: figures/expert-option-2.png  used on input line 1764.
(luatex.def)             Requested size: 500.484pt x 312.76746pt.

[22<./figures/hmsc-hier-annee-network-1.png>] [23<./figures/expert-option-2.png>
] [24] [25] [26] [27] [28] [29] [30]
Overfull \hbox (3.63817pt too wide) in paragraph at lines 2245--2248
[][]\TU/STIX2Text-Regular(0)/m/n/12 Blon-der, B. (2017). Hy-per-vo-lume concepts
 in niche- and trait-based eco-lo-gy. \TU/STIX2Text-Regular(0)/m/it/12 Eco-gra-p
hy\TU/STIX2Text-Regular(0)/m/n/12 , 41, 1441‑1455. 
 []

[31]
Overfull \hbox (12.1025pt too wide) in paragraph at lines 2330--2335
\TU/STIX2Text-Regular(0)/m/it/12 REBENT-II Bre-tagne - Sur-veillance du Ben-thos
 du lit-to-ral bre-ton. \TU/STIX2Text-Regular(0)/m/n/12 ( No. Rap-port final-Vf2
-11/03/2019).
 []

[32] [33] [34
Missing character: There is no ᵉ (U+1D49) in font [./fonts/STIX2Text-Regular.o
tf]:mode=node;script=latn;language=dflt;+tlig;!
]
Overfull \hbox (6.15916pt too wide) in paragraph at lines 2601--2604
[][]\TU/STIX2Text-Regular(0)/m/n/12 Potts, J.M. & Elith, J. (2006). Com-pa-ring spe-cies abun-dance mo-dels. \TU/STIX2Text-Regular(0)/m/it/12 Eco-lo-gi-cal Mo-del-ling\TU/STIX2Text-Regular(0)/m/n/12 , 199, 153
‑163. 
 []

[35] [36]
<figures/VP-HMSC-Var-Part-plot-1.png, id=890, 578.16pt x 361.35pt>
File: figures/VP-HMSC-Var-Part-plot-1.png Graphic file (type png)
<use figures/VP-HMSC-Var-Part-plot-1.png>
Package luatex.def Info: figures/VP-HMSC-Var-Part-plot-1.png  used on input line
 2786.
(luatex.def)             Requested size: 500.484pt x 312.80054pt.
 [37]
<figures/VP-HMSC-Var-Part-plot-2.png, id=901, 578.16pt x 361.35pt>
File: figures/VP-HMSC-Var-Part-plot-2.png Graphic file (type png)
<use figures/VP-HMSC-Var-Part-plot-2.png>
Package luatex.def Info: figures/VP-HMSC-Var-Part-plot-2.png  used on input line
 2798.
(luatex.def)             Requested size: 500.484pt x 312.80054pt.
 [38<./figures/VP-HMSC-Var-Part-plot-1.png>]
<figures/VP-HMSC-Var-Part-plot-3.png, id=911, 578.16pt x 361.35pt>
File: figures/VP-HMSC-Var-Part-plot-3.png Graphic file (type png)
<use figures/VP-HMSC-Var-Part-plot-3.png>
Package luatex.def Info: figures/VP-HMSC-Var-Part-plot-3.png  used on input line
 2810.
(luatex.def)             Requested size: 500.484pt x 312.80054pt.
 [39<./figures/VP-HMSC-Var-Part-plot-2.png>] [40<./figures/VP-HMSC-Var-Part-plot
-3.png>] [41]
[42]
<figures/gllvm-network-1.png, id=936, 421.575pt x 289.44135pt>
File: figures/gllvm-network-1.png Graphic file (type png)
<use figures/gllvm-network-1.png>
Package luatex.def Info: figures/gllvm-network-1.png  used on input line 2991.
(luatex.def)             Requested size: 421.57396pt x 289.44504pt.
<figures/pln-network-1.png, id=937, 424.7067pt x 293.1753pt>
File: figures/pln-network-1.png Graphic file (type png)
<use figures/pln-network-1.png>
Package luatex.def Info: figures/pln-network-1.png  used on input line 3007.
(luatex.def)             Requested size: 424.70564pt x 293.18352pt.
 [43<./figures/gllvm-network-1.png>]
<figures/hmsc-samp-network-1.png, id=945, 417.9615pt x 293.29575pt>
File: figures/hmsc-samp-network-1.png Graphic file (type png)
<use figures/hmsc-samp-network-1.png>
Package luatex.def Info: figures/hmsc-samp-network-1.png  used on input line 302
4.
(luatex.def)             Requested size: 417.96048pt x 293.30843pt.
 [44<./figures/pln-network-1.png>]
<figures/hmsc-hier-site-network-1.png, id=953, 413.50485pt x 290.40495pt>
File: figures/hmsc-hier-site-network-1.png Graphic file (type png)
<use figures/hmsc-hier-site-network-1.png>
Package luatex.def Info: figures/hmsc-hier-site-network-1.png  used on input lin
e 3041.
(luatex.def)             Requested size: 413.50385pt x 290.40424pt.

[45<./figures/hmsc-samp-network-1.png>]
<figures/hmsc-hier-habitat-network-1.png, id=962, 425.6703pt x 289.92316pt>
File: figures/hmsc-hier-habitat-network-1.png Graphic file (type png)
<use figures/hmsc-hier-habitat-network-1.png>
Package luatex.def Info: figures/hmsc-hier-habitat-network-1.png  used on input 
line 3058.
(luatex.def)             Requested size: 425.66925pt x 289.93127pt.
 [46<./figures/hmsc-hier-site-network-1.png>] [47<./figures/hmsc-hier-habitat-ne
twork-1.png>]
The property list \polyglossia@langsetup contains the pairs (without outer
braces):
>  {latex/script}  =>  {latin}
>  {latex/lcscript}  =>  {latin}
>  {latex/scripttag}  =>  {}
>  {latex/language}  =>  {Latex}
>  {latex/langtag}  =>  {ENG}
>  {latex/bcp47}  =>  {}
>  {latex/hyphennames}  =>  {english}
>  {latex/direction}  =>  {LR}
>  {latex/hyphenmins}  =>  {2,3}
>  {latex/frenchspacing}  =>  {false}
>  {latex/indentfirst}  =>  {false}
>  {latex/fontsetup}  =>  {true}
>  {latex/envname}  =>  {latex}
>  {latex/babelname}  =>  {latex}
>  {latex/localnumeral}  =>  {polyglossia@C@localnumeral}
>  {latex/Localnumeral}  =>  {polyglossia@C@localnumeral}
>  {french/script}  =>  {Latin}
>  {french/lcscript}  =>  {latin}
>  {french/scripttag}  =>  {}
>  {french/language}  =>  {French}
>  {french/langtag}  =>  {FRA}
>  {french/bcp47}  =>  {fr-FR}
>  {french/hyphennames}  =>  {french,francais}
>  {french/direction}  =>  {LR}
>  {french/hyphenmins}  =>  {2,2}
>  {french/frenchspacing}  =>  {true}
>  {french/indentfirst}  =>  {true}
>  {french/fontsetup}  =>  {true}
>  {french/envname}  =>  {french}
>  {french/babelname}  =>  {french}
>  {french/localnumeral}  =>  {polyglossia@C@localnumeral}
>  {french/Localnumeral}  =>  {polyglossia@C@localnumeral}.
Package atveryend Info: Empty hook `BeforeClearDocument' on input line 3120.
 [48]
Package atveryend Info: Empty hook `AfterLastShipout' on input line 3120.
 (./ms_M2.aux
LaTeX Info: Redefining \rmfamily on input line 19.
LaTeX Info: Redefining \sffamily on input line 19.
LaTeX Info: Redefining \ttfamily on input line 19.
luaotfload | aux : font no 33 (nil) defines no feature for script latn with lang
uage fra
Package cleveref Info: loaded `french' language definitions on input line 19.
)
Package atveryend Info: Executing hook `AtVeryEndDocument' on input line 3120.
Package atveryend Info: Executing hook `AtEndAfterFileList' on input line 3120.
Package rerunfilecheck Info: File `ms_M2.out' has not changed.
(rerunfilecheck)             Checksum: F2CC3BEBD5E842469473E8AB3D7DB714;9385.
)

Here is how much of LuaTeX's memory you used:
 23499 strings out of 481315
 100000,1144653 words of node,token memory allocated
 1271 words of node memory still in use:
   6 hlist, 2 vlist, 2 rule, 51 glue, 5 kern, 7 penalty, 1 glyph, 126 attribute,
 64 glue_spec, 65 attribute_list, 1 write nodes
   avail lists: 1:1,2:2083,3:175,4:102,5:737,6:74,7:5731,8:59,9:507,10:25,11:699

 39675 multiletter control sequences out of 65536+600000
 101 fonts using 45094531 bytes
 57i,13n,112p,1193b,785s stack positions out of 5000i,500n,10000p,200000b,100000s

warning  (pdf backend): unreferenced destination with name 'Hfootnote.4'

warning  (pdf backend): unreferenced destination with name 'Hfootnote.3'

warning  (pdf backend): unreferenced destination with name 'Hfootnote.2'

warning  (pdf backend): unreferenced destination with name 'Hfootnote.1'
</opt/texlive/texdir/texmf-dist/fonts/opentype/public/stix2-otf/STIX2Math.otf><.
/fonts/STIX2Text-BoldItalic.otf></opt/texlive/texdir/texmf-dist/fonts/opentype/p
ublic/stix2-otf/STIX2Math.otf></opt/texlive/texdir/texmf-dist/fonts/opentype/pub
lic/stix2-otf/STIX2Math.otf><./fonts/STIX2Text-Italic.otf><./fonts/STIX2Text-Bol
d.otf><./fonts/STIX2Text-Regular.otf>
Output written on ms_M2.pdf (52 pages, 18082773 bytes).

PDF statistics: 1040 PDF objects out of 1200 (max. 8388607)
 918 compressed objects within 10 object streams
 311 named destinations out of 1000 (max. 131072)
 361 words of extra memory for PDF output out of 10000 (max. 100000000)

